<?xml version="1.0" encoding="UTF-8"?>
<!-- Generated by org.testng.reporters.JUnitReportReporter -->
<testsuite hostname="DESKTOP-Q0GD9FJ" failures="0" tests="2" name="MainPage" time="33.174" errors="0" timestamp="2021-03-24T06:48:49 EET" skipped="0">
  <testcase classname="MainPage" name="checkURL" time="11.789"/>
  <system-out/>
  <testcase classname="MainPage" name="checkLogo" time="21.385"/>
  <system-out/>
</testsuite> <!-- MainPage -->
